<<<<<<< HEAD
[debug] [2025-12-30T15:17:25.285Z] ----------------------------------------------------------------------
[debug] [2025-12-30T15:17:25.287Z] Command:       C:\Program Files\nodejs\node.exe C:\Users\tClemente\AppData\Roaming\npm\node_modules\firebase-tools\lib\bin\firebase.js deploy
[debug] [2025-12-30T15:17:25.287Z] CLI Version:   15.1.0
[debug] [2025-12-30T15:17:25.287Z] Platform:      win32
[debug] [2025-12-30T15:17:25.287Z] Node Version:  v24.12.0
[debug] [2025-12-30T15:17:25.287Z] Time:          Tue Dec 30 2025 15:17:25 GMT+0000 (Western European Standard Time)
[debug] [2025-12-30T15:17:25.287Z] ----------------------------------------------------------------------
[debug] 
[debug] [2025-12-30T15:17:26.727Z] > command requires scopes: ["email","openid","https://www.googleapis.com/auth/cloudplatformprojects.readonly","https://www.googleapis.com/auth/firebase","https://www.googleapis.com/auth/cloud-platform"]
[debug] [2025-12-30T15:17:26.728Z] > authorizing via signed-in user (telmo.f.clemente@gmail.com)
[debug] [2025-12-30T15:17:26.728Z] [iam] checking project nutricao-app-33f3a for permissions ["firebase.projects.get","firebasehosting.sites.update"]
[debug] [2025-12-30T15:17:26.729Z] Checked if tokens are valid: true, expires at: 1767110602972
[debug] [2025-12-30T15:17:26.729Z] Checked if tokens are valid: true, expires at: 1767110602972
[debug] [2025-12-30T15:17:26.729Z] >>> [apiv2][query] POST https://cloudresourcemanager.googleapis.com/v1/projects/nutricao-app-33f3a:testIamPermissions [none]
[debug] [2025-12-30T15:17:26.729Z] >>> [apiv2][(partial)header] POST https://cloudresourcemanager.googleapis.com/v1/projects/nutricao-app-33f3a:testIamPermissions x-goog-quota-user=projects/nutricao-app-33f3a
[debug] [2025-12-30T15:17:26.730Z] >>> [apiv2][body] POST https://cloudresourcemanager.googleapis.com/v1/projects/nutricao-app-33f3a:testIamPermissions {"permissions":["firebase.projects.get","firebasehosting.sites.update"]}
[debug] [2025-12-30T15:17:27.087Z] <<< [apiv2][status] POST https://cloudresourcemanager.googleapis.com/v1/projects/nutricao-app-33f3a:testIamPermissions 200
[debug] [2025-12-30T15:17:27.087Z] <<< [apiv2][body] POST https://cloudresourcemanager.googleapis.com/v1/projects/nutricao-app-33f3a:testIamPermissions {"permissions":["firebase.projects.get","firebasehosting.sites.update"]}
[debug] [2025-12-30T15:17:27.087Z] Checked if tokens are valid: true, expires at: 1767110602972
[debug] [2025-12-30T15:17:27.087Z] Checked if tokens are valid: true, expires at: 1767110602972
[debug] [2025-12-30T15:17:27.088Z] >>> [apiv2][query] GET https://firebase.googleapis.com/v1beta1/projects/nutricao-app-33f3a [none]
[debug] [2025-12-30T15:17:27.417Z] <<< [apiv2][status] GET https://firebase.googleapis.com/v1beta1/projects/nutricao-app-33f3a 200
[debug] [2025-12-30T15:17:27.417Z] <<< [apiv2][body] GET https://firebase.googleapis.com/v1beta1/projects/nutricao-app-33f3a {"projectId":"nutricao-app-33f3a","projectNumber":"392228060096","displayName":"nutricao-app","name":"projects/nutricao-app-33f3a","resources":{"hostingSite":"nutricao-app-33f3a"},"state":"ACTIVE","etag":"1_1d6d5553-102e-4171-8997-2ebd5427ef62"}
[info] 
[info] === Deploying to 'nutricao-app-33f3a'...
[info] 
[info] i  deploying hosting 
[debug] [2025-12-30T15:17:27.422Z] Checked if tokens are valid: true, expires at: 1767110602972
[debug] [2025-12-30T15:17:27.422Z] Checked if tokens are valid: true, expires at: 1767110602972
[debug] [2025-12-30T15:17:27.422Z] >>> [apiv2][query] POST https://firebasehosting.googleapis.com/v1beta1/projects/-/sites/nutricao-app-33f3a/versions [none]
[debug] [2025-12-30T15:17:27.422Z] >>> [apiv2][body] POST https://firebasehosting.googleapis.com/v1beta1/projects/-/sites/nutricao-app-33f3a/versions {"status":"CREATED","labels":{"deployment-tool":"cli-firebase"}}
[debug] [2025-12-30T15:17:28.507Z] <<< [apiv2][status] POST https://firebasehosting.googleapis.com/v1beta1/projects/-/sites/nutricao-app-33f3a/versions 200
[debug] [2025-12-30T15:17:28.507Z] <<< [apiv2][body] POST https://firebasehosting.googleapis.com/v1beta1/projects/-/sites/nutricao-app-33f3a/versions {"name":"projects/392228060096/sites/nutricao-app-33f3a/versions/c28e3607c649008f","status":"CREATED","config":{},"labels":{"deployment-tool":"cli-firebase"}}
[info] i  hosting[nutricao-app-33f3a]: beginning deploy... 
[info] i  hosting[nutricao-app-33f3a]: found 445320 files in . 
[debug] [2025-12-30T15:18:27.739Z] [hosting] uploading with 200 concurrency
[debug] [2025-12-30T15:18:27.740Z] [hosting] hash cache [] not populated
[debug] Task //?/C:/swapfile.sys failed: retries exhausted after 1 attempts, with error: EINVAL: invalid argument, stat 'C:\swapfile.sys'
[debug] Task //?/C:/pagefile.sys failed: retries exhausted after 1 attempts, with error: EINVAL: invalid argument, stat 'C:\pagefile.sys'
[debug] Task //?/C:/hiberfil.sys failed: retries exhausted after 1 attempts, with error: EINVAL: invalid argument, stat 'C:\hiberfil.sys'
[debug] Task //?/C:/DumpStack.log.tmp failed: retries exhausted after 1 attempts, with error: EINVAL: invalid argument, stat 'C:\DumpStack.log.tmp'
[debug] [2025-12-30T15:18:27.842Z] [hosting][upload queue][FINAL] {"max":0,"min":9999999999,"avg":0,"active":0,"complete":0,"success":0,"errored":0,"retried":0,"total":0,"elapsed":1767107907842}
=======
[debug] [2025-12-30T15:17:25.285Z] ----------------------------------------------------------------------
[debug] [2025-12-30T15:17:25.287Z] Command:       C:\Program Files\nodejs\node.exe C:\Users\tClemente\AppData\Roaming\npm\node_modules\firebase-tools\lib\bin\firebase.js deploy
[debug] [2025-12-30T15:17:25.287Z] CLI Version:   15.1.0
[debug] [2025-12-30T15:17:25.287Z] Platform:      win32
[debug] [2025-12-30T15:17:25.287Z] Node Version:  v24.12.0
[debug] [2025-12-30T15:17:25.287Z] Time:          Tue Dec 30 2025 15:17:25 GMT+0000 (Western European Standard Time)
[debug] [2025-12-30T15:17:25.287Z] ----------------------------------------------------------------------
[debug] 
[debug] [2025-12-30T15:17:26.727Z] > command requires scopes: ["email","openid","https://www.googleapis.com/auth/cloudplatformprojects.readonly","https://www.googleapis.com/auth/firebase","https://www.googleapis.com/auth/cloud-platform"]
[debug] [2025-12-30T15:17:26.728Z] > authorizing via signed-in user (telmo.f.clemente@gmail.com)
[debug] [2025-12-30T15:17:26.728Z] [iam] checking project nutricao-app-33f3a for permissions ["firebase.projects.get","firebasehosting.sites.update"]
[debug] [2025-12-30T15:17:26.729Z] Checked if tokens are valid: true, expires at: 1767110602972
[debug] [2025-12-30T15:17:26.729Z] Checked if tokens are valid: true, expires at: 1767110602972
[debug] [2025-12-30T15:17:26.729Z] >>> [apiv2][query] POST https://cloudresourcemanager.googleapis.com/v1/projects/nutricao-app-33f3a:testIamPermissions [none]
[debug] [2025-12-30T15:17:26.729Z] >>> [apiv2][(partial)header] POST https://cloudresourcemanager.googleapis.com/v1/projects/nutricao-app-33f3a:testIamPermissions x-goog-quota-user=projects/nutricao-app-33f3a
[debug] [2025-12-30T15:17:26.730Z] >>> [apiv2][body] POST https://cloudresourcemanager.googleapis.com/v1/projects/nutricao-app-33f3a:testIamPermissions {"permissions":["firebase.projects.get","firebasehosting.sites.update"]}
[debug] [2025-12-30T15:17:27.087Z] <<< [apiv2][status] POST https://cloudresourcemanager.googleapis.com/v1/projects/nutricao-app-33f3a:testIamPermissions 200
[debug] [2025-12-30T15:17:27.087Z] <<< [apiv2][body] POST https://cloudresourcemanager.googleapis.com/v1/projects/nutricao-app-33f3a:testIamPermissions {"permissions":["firebase.projects.get","firebasehosting.sites.update"]}
[debug] [2025-12-30T15:17:27.087Z] Checked if tokens are valid: true, expires at: 1767110602972
[debug] [2025-12-30T15:17:27.087Z] Checked if tokens are valid: true, expires at: 1767110602972
[debug] [2025-12-30T15:17:27.088Z] >>> [apiv2][query] GET https://firebase.googleapis.com/v1beta1/projects/nutricao-app-33f3a [none]
[debug] [2025-12-30T15:17:27.417Z] <<< [apiv2][status] GET https://firebase.googleapis.com/v1beta1/projects/nutricao-app-33f3a 200
[debug] [2025-12-30T15:17:27.417Z] <<< [apiv2][body] GET https://firebase.googleapis.com/v1beta1/projects/nutricao-app-33f3a {"projectId":"nutricao-app-33f3a","projectNumber":"392228060096","displayName":"nutricao-app","name":"projects/nutricao-app-33f3a","resources":{"hostingSite":"nutricao-app-33f3a"},"state":"ACTIVE","etag":"1_1d6d5553-102e-4171-8997-2ebd5427ef62"}
[info] 
[info] === Deploying to 'nutricao-app-33f3a'...
[info] 
[info] i  deploying hosting 
[debug] [2025-12-30T15:17:27.422Z] Checked if tokens are valid: true, expires at: 1767110602972
[debug] [2025-12-30T15:17:27.422Z] Checked if tokens are valid: true, expires at: 1767110602972
[debug] [2025-12-30T15:17:27.422Z] >>> [apiv2][query] POST https://firebasehosting.googleapis.com/v1beta1/projects/-/sites/nutricao-app-33f3a/versions [none]
[debug] [2025-12-30T15:17:27.422Z] >>> [apiv2][body] POST https://firebasehosting.googleapis.com/v1beta1/projects/-/sites/nutricao-app-33f3a/versions {"status":"CREATED","labels":{"deployment-tool":"cli-firebase"}}
[debug] [2025-12-30T15:17:28.507Z] <<< [apiv2][status] POST https://firebasehosting.googleapis.com/v1beta1/projects/-/sites/nutricao-app-33f3a/versions 200
[debug] [2025-12-30T15:17:28.507Z] <<< [apiv2][body] POST https://firebasehosting.googleapis.com/v1beta1/projects/-/sites/nutricao-app-33f3a/versions {"name":"projects/392228060096/sites/nutricao-app-33f3a/versions/c28e3607c649008f","status":"CREATED","config":{},"labels":{"deployment-tool":"cli-firebase"}}
[info] i  hosting[nutricao-app-33f3a]: beginning deploy... 
[info] i  hosting[nutricao-app-33f3a]: found 445320 files in . 
[debug] [2025-12-30T15:18:27.739Z] [hosting] uploading with 200 concurrency
[debug] [2025-12-30T15:18:27.740Z] [hosting] hash cache [] not populated
[debug] Task //?/C:/swapfile.sys failed: retries exhausted after 1 attempts, with error: EINVAL: invalid argument, stat 'C:\swapfile.sys'
[debug] Task //?/C:/pagefile.sys failed: retries exhausted after 1 attempts, with error: EINVAL: invalid argument, stat 'C:\pagefile.sys'
[debug] Task //?/C:/hiberfil.sys failed: retries exhausted after 1 attempts, with error: EINVAL: invalid argument, stat 'C:\hiberfil.sys'
[debug] Task //?/C:/DumpStack.log.tmp failed: retries exhausted after 1 attempts, with error: EINVAL: invalid argument, stat 'C:\DumpStack.log.tmp'
[debug] [2025-12-30T15:18:27.842Z] [hosting][upload queue][FINAL] {"max":0,"min":9999999999,"avg":0,"active":0,"complete":0,"success":0,"errored":0,"retried":0,"total":0,"elapsed":1767107907842}
>>>>>>> ff7a0e188d85ad509aa9fb1551d5fcc6e08f9722
[debug] [2025-12-30T15:18:27.844Z] Error: EINVAL: invalid argument, stat 'C:\swapfile.sys'
    at Object.statSync (node:fs:1725:25)
    at Uploader.hashHandler (C:\Users\tClemente\AppData\Roaming\npm\node_modules\firebase-tools\lib\deploy\hosting\uploader.js:123:26)
    at Queue.executeTask (C:\Users\tClemente\AppData\Roaming\npm\node_modules\firebase-tools\lib\throttler\throttler.js:181:33)
    at Queue.handle (C:\Users\tClemente\AppData\Roaming\npm\node_modules\firebase-tools\lib\throttler\throttler.js:91:32)
    at Queue.process (C:\Users\tClemente\AppData\Roaming\npm\node_modules\firebase-tools\lib\throttler\throttler.js:84:14)
    at Queue.addHelper (C:\Users\tClemente\AppData\Roaming\npm\node_modules\firebase-tools\lib\throttler\throttler.js:147:14)
    at Queue.add (C:\Users\tClemente\AppData\Roaming\npm\node_modules\firebase-tools\lib\throttler\throttler.js:68:14)
    at Uploader.start (C:\Users\tClemente\AppData\Roaming\npm\node_modules\firebase-tools\lib\deploy\hosting\uploader.js:73:28)
    at runDeploys (C:\Users\tClemente\AppData\Roaming\npm\node_modules\firebase-tools\lib\deploy\hosting\deploy.js:67:28)
<<<<<<< HEAD
    at deploy (C:\Users\tClemente\AppData\Roaming\npm\node_modules\firebase-tools\lib\deploy\hosting\deploy.js:83:12)
[error] 
[error] Error: Task //?/C:/swapfile.sys failed: retries exhausted after 1 attempts, with error: EINVAL: invalid argument, stat 'C:\swapfile.sys'
=======
    at deploy (C:\Users\tClemente\AppData\Roaming\npm\node_modules\firebase-tools\lib\deploy\hosting\deploy.js:83:12)
[error] 
[error] Error: Task //?/C:/swapfile.sys failed: retries exhausted after 1 attempts, with error: EINVAL: invalid argument, stat 'C:\swapfile.sys'
>>>>>>> ff7a0e188d85ad509aa9fb1551d5fcc6e08f9722
[debug] [2025-12-30T15:18:27.849Z] Error: EINVAL: invalid argument, stat 'C:\swapfile.sys'
    at Object.statSync (node:fs:1725:25)
    at Uploader.hashHandler (C:\Users\tClemente\AppData\Roaming\npm\node_modules\firebase-tools\lib\deploy\hosting\uploader.js:123:26)
    at Queue.executeTask (C:\Users\tClemente\AppData\Roaming\npm\node_modules\firebase-tools\lib\throttler\throttler.js:181:33)
    at Queue.handle (C:\Users\tClemente\AppData\Roaming\npm\node_modules\firebase-tools\lib\throttler\throttler.js:91:32)
    at Queue.process (C:\Users\tClemente\AppData\Roaming\npm\node_modules\firebase-tools\lib\throttler\throttler.js:84:14)
    at Queue.addHelper (C:\Users\tClemente\AppData\Roaming\npm\node_modules\firebase-tools\lib\throttler\throttler.js:147:14)
    at Queue.add (C:\Users\tClemente\AppData\Roaming\npm\node_modules\firebase-tools\lib\throttler\throttler.js:68:14)
    at Uploader.start (C:\Users\tClemente\AppData\Roaming\npm\node_modules\firebase-tools\lib\deploy\hosting\uploader.js:73:28)
    at runDeploys (C:\Users\tClemente\AppData\Roaming\npm\node_modules\firebase-tools\lib\deploy\hosting\deploy.js:67:28)
<<<<<<< HEAD
    at deploy (C:\Users\tClemente\AppData\Roaming\npm\node_modules\firebase-tools\lib\deploy\hosting\deploy.js:83:12)
[error] 
[error] Error: Task //?/C:/swapfile.sys failed: retries exhausted after 1 attempts, with error: EINVAL: invalid argument, stat 'C:\swapfile.sys'
[debug] [2025-12-30T15:18:27.853Z] Error: EPERM: operation not permitted, open 'C:\XboxGames\Football Manager 2024 Demo\Content\crash_reporter.exe'
[error] 
[error] Error: An unexpected error has occurred.
[debug] [2025-12-30T15:18:27.854Z] Error: EPERM: operation not permitted, open 'C:\XboxGames\Football Manager 2024 Demo\Content\fm.exe'
[error] 
[error] Error: An unexpected error has occurred.
=======
    at deploy (C:\Users\tClemente\AppData\Roaming\npm\node_modules\firebase-tools\lib\deploy\hosting\deploy.js:83:12)
[error] 
[error] Error: Task //?/C:/swapfile.sys failed: retries exhausted after 1 attempts, with error: EINVAL: invalid argument, stat 'C:\swapfile.sys'
[debug] [2025-12-30T15:18:27.853Z] Error: EPERM: operation not permitted, open 'C:\XboxGames\Football Manager 2024 Demo\Content\crash_reporter.exe'
[error] 
[error] Error: An unexpected error has occurred.
[debug] [2025-12-30T15:18:27.854Z] Error: EPERM: operation not permitted, open 'C:\XboxGames\Football Manager 2024 Demo\Content\fm.exe'
[error] 
[error] Error: An unexpected error has occurred.
>>>>>>> ff7a0e188d85ad509aa9fb1551d5fcc6e08f9722
